mode: atomic
github.com/brodiep21/4090/internal/vcard/vcard.go:9.53,15.2 1 3
github.com/brodiep21/4090/search/newegg.go:10.21,16.37 3 0
github.com/brodiep21/4090/search/newegg.go:21.2,21.39 1 0
github.com/brodiep21/4090/search/newegg.go:25.2,25.47 1 0
github.com/brodiep21/4090/search/newegg.go:29.2,29.57 1 0
github.com/brodiep21/4090/search/newegg.go:36.2,37.56 2 0
github.com/brodiep21/4090/search/newegg.go:55.2,56.53 2 0
github.com/brodiep21/4090/search/newegg.go:69.2,69.64 1 0
github.com/brodiep21/4090/search/newegg.go:16.37,19.3 2 0
github.com/brodiep21/4090/search/newegg.go:21.39,23.3 1 0
github.com/brodiep21/4090/search/newegg.go:25.47,27.3 1 0
github.com/brodiep21/4090/search/newegg.go:29.57,34.3 3 0
github.com/brodiep21/4090/search/newegg.go:37.56,43.17 4 0
github.com/brodiep21/4090/search/newegg.go:46.3,47.10 2 0
github.com/brodiep21/4090/search/newegg.go:43.17,45.4 1 0
github.com/brodiep21/4090/search/newegg.go:56.53,57.31 1 0
github.com/brodiep21/4090/search/newegg.go:60.3,60.22 1 0
github.com/brodiep21/4090/search/newegg.go:66.3,66.16 1 0
github.com/brodiep21/4090/search/newegg.go:57.31,59.4 1 0
github.com/brodiep21/4090/search/newegg.go:60.22,62.34 2 0
github.com/brodiep21/4090/search/newegg.go:62.34,64.5 1 0
github.com/brodiep21/4090/search/price.go:8.49,15.16 5 3
github.com/brodiep21/4090/search/price.go:18.2,18.18 1 2
github.com/brodiep21/4090/search/price.go:15.16,17.3 1 1
